-------------------------------------------------------------------------------
Test set: tests.gertaerakSortuDABTest
-------------------------------------------------------------------------------
Tests run: 2, Failures: 1, Errors: 0, Skipped: 0, Time elapsed: 0.055 sec <<< FAILURE! - in tests.gertaerakSortuDABTest
test2(tests.gertaerakSortuDABTest)  Time elapsed: 0.029 sec  <<< FAILURE!
java.lang.AssertionError: expected:<true> but was:<false>
	at tests.gertaerakSortuDABTest.test2(gertaerakSortuDABTest.java:88)

