<?xml version="1.0" encoding="UTF-8"?>
<testsuite xmlns:xsi="http://www.w3.org/2001/XMLSchema-instance" xsi:schemaLocation="https://maven.apache.org/surefire/maven-surefire-plugin/xsd/surefire-test-report.xsd" name="tests.rankingLortuDAWTest" time="0.277" tests="4" errors="0" skipped="0" failures="0">
  <properties>
[...]
</properties>
  <testcase name="test0" classname="tests.rankingLortuDAWTest" time="0.056"/>
  <testcase name="test1" classname="tests.rankingLortuDAWTest" time="0.065"/>
  <testcase name="test2" classname="tests.rankingLortuDAWTest" time="0.075"/>
  <testcase name="test3" classname="tests.rankingLortuDAWTest" time="0.081"/>
</testsuite>